[WARN] ⚠️  JWT_SECRET is using a weak fallback. Set a strong random value in .env for production. Use: node -e "console.log(require('crypto').randomBytes(64).toString('hex'))"
[WARN] ⚠️  JWT_REFRESH_SECRET is using a weak fallback. Set a strong random value in .env for production.
[32minfo[39m: [ExpiryNotification] Initializing expiry notification cron jobs... {"service":"magnus-bos","timestamp":"2026-07-11 10:09:26"}
[32minfo[39m: [ExpiryNotification] Expiry notification cron jobs scheduled. {"service":"magnus-bos","timestamp":"2026-07-11 10:09:26"}
node:events:487
      throw er; // Unhandled 'error' event
      ^

Error: listen EADDRINUSE: address already in use :::5000
    at Server.setupListenHandle [as _listen2] (node:net:2008:16)
    at listenInCluster (node:net:2065:12)
    at Server.listen (node:net:2170:7)
    at startServer (C:\Users\ujwal\Desktop\master log 1\backend\server.js:204:10)
    at Object.<anonymous> (C:\Users\ujwal\Desktop\master log 1\backend\server.js:224:3)
    at Module._compile (node:internal/modules/cjs/loader:1830:14)
    at Object..js (node:internal/modules/cjs/loader:1961:10)
    at Module.load (node:internal/modules/cjs/loader:1553:32)
    at Module._load (node:internal/modules/cjs/loader:1355:12)
    at wrapModuleLoad (node:internal/modules/cjs/loader:255:19)
Emitted 'error' event on Server instance at:
    at emitErrorNT (node:net:2044:8)
    at process.processTicksAndRejections ([32minfo[39m: ::1 - - [11/Jul/2026:04:39:51 +0000] "GET /api/auth/me HTTP/1.1" 401 63 "-" "curl/8.19.0" {"service":"magnus-bos","timestamp":"2026-07-11 10:09:51"}
[32minfo[39m: ::1 - - [11/Jul/2026:04:40:10 +0000] "POST /api/payments/create-order HTTP/1.1" 401 67 "-" "curl/8.19.0" {"service":"magnus-bos","timestamp":"2026-07-11 10:10:10"}
[31merror[39m: Error: Payment gateway not configured. Contact administrator. {"ip":"::1","method":"POST","service":"magnus-bos","stack":"Error: Payment gateway not configured. Contact administrator.\n    at Object.createCheckoutOrder (C:\\Users\\ujwal\\Desktop\\master log 1\\backend\\src\\services\\billingService.js:144:19)\n    at exports.createOrder (C:\\Users\\ujwal\\Desktop\\master log 1\\backend\\src\\controllers\\payment.controller.js:23:41)\n    at exports.extendSubscription (C:\\Users\\ujwal\\Desktop\\master log 1\\backend\\src\\controllers\\payment.controller.js:91:18)\n    at Layer.handle [as handle_request] (C:\\Users\\ujwal\\Desktop\\master log 1\\backend\\node_modules\\express\\lib\\router\\layer.js:95:5)\n    at next (C:\\Users\\ujwal\\Desktop\\master log 1\\backend\\node_modules\\express\\lib\\router\\route.js:149:13)\n    at C:\\Users\\ujwal\\Desktop\\master log 1\\backend\\src\\middleware\\rbac.js:27:5\n    at Layer.handle [as handle_request] (C:\\Users\\ujwal\\Desktop\\master log 1\\backend\\node_modules\\express\\lib\\router\\layer.js:95:5)\n    at next (C:\\Users\\ujwal\\Desktop\\master log 1\\backend\\node_modules\\express\\lib\\router\\route.js:149:13)\n    at multiTenant (C:\\Users\\ujwal\\Desktop\\master log 1\\backend\\src\\middleware\\multiTenant.js:55:3)\n    at Layer.handle [as handle_request] (C:\\Users\\ujwal\\Desktop\\master log 1\\backend\\node_modules\\express\\lib\\router\\layer.js:95:5)","timestamp":"2026-07-11 10:12:20","url":"/api/payments/extend","userId":"6a5086329b3b469162347c5e"}
[32minfo[39m: ::1 - - [11/Jul/2026:04:42:20 +0000] "POST /api/payments/extend HTTP/1.1" 503 96 "http://localhost:5173/billing" "Mozilla/5.0 (Windows NT 10.0; Win64; x64) AppleWebKit/537.36 (KHTML, like Gecko) Chrome/150.0.0.0 Safari/537.36" {"service":"magnus-bos","timestamp":"2026-07-11 10:12:20"}
[32minfo[39m: ::1 - - [11/Jul/2026:04:44:10 +0000] "GET /api/subscriptions/plans HTTP/1.1" 401 67 "-" "curl/8.19.0" {"service":"magnus-bos","timestamp":"2026-07-11 10:14:10"}
[32minfo[39m: ::1 - - [11/Jul/2026:04:44:27 +0000] "POST /api/auth/login HTTP/1.1" 400 126 "-" "curl/8.19.0" {"service":"magnus-bos","timestamp":"2026-07-11 10:14:27"}
[32minfo[39m: ::1 - - [11/Jul/2026:04:44:47 +0000] "POST /api/auth/login HTTP/1.1" 200 931 "-" "curl/8.19.0" {"service":"magnus-bos","timestamp":"2026-07-11 10:14:47"}
[32minfo[39m: ::1 - - [11/Jul/2026:04:45:06 +0000] "GET /api/subscriptions/plans HTTP/1.1" 401 67 "-" "curl/8.19.0" {"service":"magnus-bos","timestamp":"2026-07-11 10:15:06"}
[32minfo[39m: ::1 - - [11/Jul/2026:04:45:26 +0000] "POST /api/auth/login HTTP/1.1" 200 931 "-" "curl/8.19.0" {"service":"magnus-bos","timestamp":"2026-07-11 10:15:26"}
[32minfo[39m: ::1 - - [11/Jul/2026:04:45:36 +0000] "GET /api/subscriptions/plans HTTP/1.1" 200 1918 "-" "curl/8.19.0" {"service":"magnus-bos","timestamp":"2026-07-11 10:15:36"}
[32minfo[39m: ::1 - - [11/Jul/2026:04:45:41 +0000] "POST /api/payments/create-order HTTP/1.1" 401 71 "http://localhost:5173/billing" "Mozilla/5.0 (Windows NT 10.0; Win64; x64) AppleWebKit/537.36 (KHTML, like Gecko) Chrome/150.0.0.0 Safari/537.36" {"service":"magnus-bos","timestamp":"2026-07-11 10:15:41"}
[32minfo[39m: ::1 - - [11/Jul/2026:04:45:41 +0000] "POST /api/auth/refresh-token HTTP/1.1" 200 439 "http://localhost:5173/billing" "Mozilla/5.0 (Windows NT 10.0; Win64; x64) AppleWebKit/537.36 (KHTML, like Gecko) Chrome/150.0.0.0 Safari/537.36" {"service":"magnus-bos","timestamp":"2026-07-11 10:15:41"}
[31merror[39m: Error: Payment gateway not configured. Contact administrator. {"ip":"::1","method":"POST","service":"magnus-bos","stack":"Error: Payment gateway not configured. Contact administrator.\n    at Object.createCheckoutOrder (C:\\Users\\ujwal\\Desktop\\master log 1\\backend\\src\\services\\billingService.js:144:19)\n    at exports.createOrder (C:\\Users\\ujwal\\Desktop\\master log 1\\backend\\src\\controllers\\payment.controller.js:23:41)\n    at Layer.handle [as handle_request] (C:\\Users\\ujwal\\Desktop\\master log 1\\backend\\node_modules\\express\\lib\\router\\layer.js:95:5)\n    at next (C:\\Users\\ujwal\\Desktop\\master log 1\\backend\\node_modules\\express\\lib\\router\\route.js:149:13)\n    at C:\\Users\\ujwal\\Desktop\\master log 1\\backend\\src\\middleware\\rbac.js:27:5\n    at Layer.handle [as handle_request] (C:\\Users\\ujwal\\Desktop\\master log 1\\backend\\node_modules\\express\\lib\\router\\layer.js:95:5)\n    at next (C:\\Users\\ujwal\\Desktop\\master log 1\\backend\\node_modules\\express\\lib\\router\\route.js:149:13)\n    at multiTenant (C:\\Users\\ujwal\\Desktop\\master log 1\\backend\\src\\middleware\\multiTenant.js:55:3)\n    at Layer.handle [as handle_request] (C:\\Users\\ujwal\\Desktop\\master log 1\\backend\\node_modules\\express\\lib\\router\\layer.js:95:5)\n    at next (C:\\Users\\ujwal\\Desktop\\master log 1\\backend\\node_modules\\express\\lib\\router\\route.js:149:13)","timestamp":"2026-07-11 10:15:41","url":"/api/payments/create-order","userId":"6a5086329b3b469162347c5e"}
[32minfo[39m: ::1 - - [11/Jul/2026:04:45:41 +0000] "POST /api/payments/create-order HTTP/1.1" 503 96 "http://localhost:5173/billing" "Mozilla/5.0 (Windows NT 10.0; Win64; x64) AppleWebKit/537.36 (KHTML, like Gecko) Chrome/150.0.0.0 Safari/537.36" {"service":"magnus-bos","timestamp":"2026-07-11 10:15:41"}
[31merror[39m: Error: Payment gateway not configured. Contact administrator. {"ip":"::1","method":"POST","service":"magnus-bos","stack":"Error: Payment gateway not configured. Contact administrator.\n    at Object.createCheckoutOrder (C:\\Users\\ujwal\\Desktop\\master log 1\\backend\\src\\services\\billingService.js:144:19)\n    at exports.createOrder (C:\\Users\\ujwal\\Desktop\\master log 1\\backend\\src\\controllers\\payment.controller.js:23:41)\n    at Layer.handle [as handle_request] (C:\\Users\\ujwal\\Desktop\\master log 1\\backend\\node_modules\\express\\lib\\router\\layer.js:95:5)\n    at next (C:\\Users\\ujwal\\Desktop\\master log 1\\backend\\node_modules\\express\\lib\\router\\route.js:149:13)\n    at C:\\Users\\ujwal\\Desktop\\master log 1\\backend\\src\\middleware\\rbac.js:27:5\n    at Layer.handle [as handle_request] (C:\\Users\\ujwal\\Desktop\\master log 1\\backend\\node_modules\\express\\lib\\router\\layer.js:95:5)\n    at next (C:\\Users\\ujwal\\Desktop\\master log 1\\backend\\node_modules\\express\\lib\\router\\route.js:149:13)\n    at multiTenant (C:\\Users\\ujwal\\Desktop\\master log 1\\backend\\src\\middleware\\multiTenant.js:55:3)\n    at Layer.handle [as handle_request] (C:\\Users\\ujwal\\Desktop\\master log 1\\backend\\node_modules\\express\\lib\\router\\layer.js:95:5)\n    at next (C:\\Users\\ujwal\\Desktop\\master log 1\\backend\\node_modules\\express\\lib\\router\\route.js:149:13)","timestamp":"2026-07-11 10:15:52","url":"/api/payments/create-order","userId":"6a5086329b3b469162347c5e"}
[32minfo[39m: ::1 - - [11/Jul/2026:04:45:52 +0000] "POST /api/payments/create-order HTTP/1.1" 503 96 "http://localhost:5173/billing" "Mozilla/5.0 (Windows NT 10.0; Win64; x64) AppleWebKit/537.36 (KHTML, like Gecko) Chrome/150.0.0.0 Safari/537.36" {"service":"magnus-bos","timestamp":"2026-07-11 10:15:52"}
[31merror[39m: Error: Invalid email or password {"ip":"::1","method":"POST","service":"magnus-bos","stack":"Error: Invalid email or password\n    at exports.login (C:\\Users\\ujwal\\Desktop\\master log 1\\backend\\src\\controllers\\auth.controller.js:117:13)\n    at process.processTicksAndRejections (node:internal/process/task_queues:104:5)","timestamp":"2026-07-11 10:16:05","url":"/api/auth/login"}
[32minfo[39m: ::1 - - [11/Jul/2026:04:46:05 +0000] "POST /api/auth/login HTTP/1.1" 401 67 "-" "curl/8.19.0" {"service":"magnus-bos","timestamp":"2026-07-11 10:16:05"}
[31merror[39m: Error: Payment gateway not configured. Contact administrator. {"ip":"::1","method":"POST","service":"magnus-bos","stack":"Error: Payment gateway not configured. Contact administrator.\n    at Object.createCheckoutOrder (C:\\Users\\ujwal\\Desktop\\master log 1\\backend\\src\\services\\billingService.js:144:19)\n    at exports.createOrder (C:\\Users\\ujwal\\Desktop\\master log 1\\backend\\src\\controllers\\payment.controller.js:23:41)\n    at Layer.handle [as handle_request] (C:\\Users\\ujwal\\Desktop\\master log 1\\backend\\node_modules\\express\\lib\\router\\layer.js:95:5)\n    at next (C:\\Users\\ujwal\\Desktop\\master log 1\\backend\\node_modules\\express\\lib\\router\\route.js:149:13)\n    at C:\\Users\\ujwal\\Desktop\\master log 1\\backend\\src\\middleware\\rbac.js:27:5\n    at Layer.handle [as handle_request] (C:\\Users\\ujwal\\Desktop\\master log 1\\backend\\node_modules\\express\\lib\\router\\layer.js:95:5)\n    at next (C:\\Users\\ujwal\\Desktop\\master log 1\\backend\\node_modules\\express\\lib\\router\\route.js:149:13)\n    at multiTenant (C:\\Users\\ujwal\\Desktop\\master log 1\\backend\\src\\middleware\\multiTenant.js:55:3)\n    at Layer.handle [as handle_request] (C:\\Users\\ujwal\\Desktop\\master log 1\\backend\\node_modules\\express\\lib\\router\\layer.js:95:5)\n    at next (C:\\Users\\ujwal\\Desktop\\master log 1\\backend\\node_modules\\express\\lib\\router\\route.js:149:13)","timestamp":"2026-07-11 10:16:37","url":"/api/payments/create-order","userId":"6a5086329b3b469162347c5e"}
[32minfo[39m: ::1 - - [11/Jul/2026:04:46:37 +0000] "POST /api/payments/create-order HTTP/1.1" 503 96 "http://localhost:5173/billing" "Mozilla/5.0 (Windows NT 10.0; Win64; x64) AppleWebKit/537.36 (KHTML, like Gecko) Chrome/150.0.0.0 Safari/537.36" {"service":"magnus-bos","timestamp":"2026-07-11 10:16:37"}
[31merror[39m: Error: Invalid email or password {"ip":"::1","method":"POST","service":"magnus-bos","stack":"Error: Invalid email or password\n    at exports.login (C:\\Users\\ujwal\\Desktop\\master log 1\\backend\\src\\controllers\\auth.controller.js:117:13)\n    at process.processTicksAndRejections (node:internal/process/task_queues:104:5)","timestamp":"2026-07-11 10:16:41","url":"/api/auth/login"}
[32minfo[39m: ::1 - - [11/Jul/2026:04:46:41 +0000] "POST /api/auth/login HTTP/1.1" 401 67 "-" "curl/8.19.0" {"service":"magnus-bos","timestamp":"2026-07-11 10:16:41"}
[32minfo[39m: ::1 - - [11/Jul/2026:04:47:05 +0000] "POST /api/auth/login HTTP/1.1" 200 931 "-" "curl/8.19.0" {"service":"magnus-bos","timestamp":"2026-07-11 10:17:05"}
[32minfo[39m: ::1 - - [11/Jul/2026:04:47:15 +0000] "GET /api/shops HTTP/1.1" 200 3657 "-" "curl/8.19.0" {"service":"magnus-bos","timestamp":"2026-07-11 10:17:15"}
[32minfo[39m: ::1 - - [11/Jul/2026:04:47:26 +0000] "POST /api/auth/login HTTP/1.1" 200 931 "-" "curl/8.19.0" {"service":"magnus-bos","timestamp":"2026-07-11 10:17:26"}
[32minfo[39m: ::1 - - [11/Jul/2026:04:47:33 +0000] "GET /api/shops HTTP/1.1" 200 3657 "-" "curl/8.19.0" {"service":"magnus-bos","timestamp":"2026-07-11 10:17:33"}
[31merror[39m: Error: Invalid email or password. 4 attempts remaining. {"ip":"::1","method":"POST","service":"magnus-bos","stack":"Error: Invalid email or password. 4 attempts remaining.\n    at exports.login (C:\\Users\\ujwal\\Desktop\\master log 1\\backend\\src\\controllers\\auth.controller.js:127:13)\n    at process.processTicksAndRejections (node:internal/process/task_queues:104:5)","timestamp":"2026-07-11 10:17:51","url":"/api/auth/login"}
[32minfo[39m: ::1 - - [11/Jul/2026:04:47:51 +0000] "POST /api/auth/login HTTP/1.1" 401 90 "-" "curl/8.19.0" {"service":"magnus-bos","timestamp":"2026-07-11 10:17:51"}
[31merror[39m: Error: Invalid email or password. 4 attempts remaining. {"ip":"::1","method":"POST","service":"magnus-bos","stack":"Error: Invalid email or password. 4 attempts remaining.\n    at exports.login (C:\\Users\\ujwal\\Desktop\\master log 1\\backend\\src\\controllers\\auth.controller.js:127:13)\n    at process.processTicksAndRejections (node:internal/process/task_queues:104:5)","timestamp":"2026-07-11 10:17:53","url":"/api/auth/login"}
[32minfo[39m: ::1 - - [11/Jul/2026:04:47:53 +0000] "POST /api/auth/login HTTP/1.1" 401 90 "-" "curl/8.19.0" {"service":"magnus-bos","timestamp":"2026-07-11 10:17:53"}
[32minfo[39m: ::1 - - [11/Jul/2026:04:48:14 +0000] "POST /api/auth/login HTTP/1.1" 200 931 "-" "curl/8.19.0" {"service":"magnus-bos","timestamp":"2026-07-11 10:18:14"}
[32minfo[39m: ::1 - - [11/Jul/2026:04:48:23 +0000] "GET /api/users?shopId=6a5086329b3b469162347c5a HTTP/1.1" 403 105 "-" "curl/8.19.0" {"service":"magnus-bos","timestamp":"2026-07-11 10:18:23"}
[33mwarn[39m: Email configuration is incomplete. Missing: SMTP_HOST, SMTP_USER, SMTP_PASS. Email sending will be disabled. {"service":"magnus-bos","timestamp":"2026-07-11 10:18:45"}
[33mwarn[39m: Email service not configured. Would have sent: Welcome to FutureMagnus - Test Payment Shop to payment.test.fm@gmail.com {"service":"magnus-bos","timestamp":"2026-07-11 10:18:45"}
[32minfo[39m: ::1 - - [11/Jul/2026:04:48:46 +0000] "POST /api/shops/register HTTP/1.1" 201 2306 "-" "curl/8.19.0" {"service":"magnus-bos","timestamp":"2026-07-11 10:18:46"}
[31merror[39m: Error: Invalid email or password {"ip":"::1","method":"POST","service":"magnus-bos","stack":"Error: Invalid email or password\n    at exports.login (C:\\Users\\ujwal\\Desktop\\master log 1\\backend\\src\\controllers\\auth.controller.js:117:13)\n    at process.processTicksAndRejections (node:internal/process/task_queues:104:5)","timestamp":"2026-07-11 10:19:18","url":"/api/auth/login"}
[32minfo[39m: ::1 - - [11/Jul/2026:04:49:18 +0000] "POST /api/auth/login HTTP/1.1" 401 67 "-" "curl/8.19.0" {"service":"magnus-bos","timestamp":"2026-07-11 10:19:18"}
[31merror[39m: Error: Invalid email or password {"ip":"::1","method":"POST","service":"magnus-bos","stack":"Error: Invalid email or password\n    at exports.login (C:\\Users\\ujwal\\Desktop\\master log 1\\backend\\src\\controllers\\auth.controller.js:117:13)\n    at process.processTicksAndRejections (node:internal/process/task_queues:104:5)","timestamp":"2026-07-11 10:19:31","url":"/api/auth/login"}
[32minfo[39m: ::1 - - [11/Jul/2026:04:49:31 +0000] "POST /api/auth/login HTTP/1.1" 401 67 "-" "curl/8.19.0" {"service":"magnus-bos","timestamp":"2026-07-11 10:19:31"}
[33mwarn[39m: Email configuration is incomplete. Missing: SMTP_HOST, SMTP_USER, SMTP_PASS. Email sending will be disabled. {"service":"magnus-bos","timestamp":"2026-07-11 10:19:52"}
[33mwarn[39m: Email service not configured. Would have sent: Welcome to FutureMagnus - Test Pay Shop 2 to pay.test2@gmail.com {"service":"magnus-bos","timestamp":"2026-07-11 10:19:52"}
[32minfo[39m: ::1 - - [11/Jul/2026:04:49:52 +0000] "POST /api/shops/register HTTP/1.1" 201 2282 "-" "curl/8.19.0" {"service":"magnus-bos","timestamp":"2026-07-11 10:19:52"}
[33mwarn[39m: Email configuration is incomplete. Missing: SMTP_HOST, SMTP_USER, SMTP_PASS. Email sending will be disabled. {"service":"magnus-bos","timestamp":"2026-07-11 10:20:18"}
[33mwarn[39m: Email service not configured. Would have sent: Welcome to FutureMagnus - Test Pay Shop 3 to pay.test3@gmail.com {"service":"magnus-bos","timestamp":"2026-07-11 10:20:18"}
[32minfo[39m: ::1 - - [11/Jul/2026:04:50:18 +0000] "POST /api/shops/register HTTP/1.1" 201 2282 "-" "curl/8.19.0" {"service":"magnus-bos","timestamp":"2026-07-11 10:20:18"}
[31merror[39m: Error: Payment gateway not configured. Contact administrator. {"ip":"::1","method":"POST","service":"magnus-bos","stack":"Error: Payment gateway not configured. Contact administrator.\n    at Object.createCheckoutOrder (C:\\Users\\ujwal\\Desktop\\master log 1\\backend\\src\\services\\billingService.js:144:19)\n    at exports.createOrder (C:\\Users\\ujwal\\Desktop\\master log 1\\backend\\src\\controllers\\payment.controller.js:23:41)\n    at Layer.handle [as handle_request] (C:\\Users\\ujwal\\Desktop\\master log 1\\backend\\node_modules\\express\\lib\\router\\layer.js:95:5)\n    at next (C:\\Users\\ujwal\\Desktop\\master log 1\\backend\\node_modules\\express\\lib\\router\\route.js:149:13)\n    at C:\\Users\\ujwal\\Desktop\\master log 1\\backend\\src\\middleware\\rbac.js:27:5\n    at Layer.handle [as handle_request] (C:\\Users\\ujwal\\Desktop\\master log 1\\backend\\node_modules\\express\\lib\\router\\layer.js:95:5)\n    at next (C:\\Users\\ujwal\\Desktop\\master log 1\\backend\\node_modules\\express\\lib\\router\\route.js:149:13)\n    at multiTenant (C:\\Users\\ujwal\\Desktop\\master log 1\\backend\\src\\middleware\\multiTenant.js:55:3)\n    at Layer.handle [as handle_request] (C:\\Users\\ujwal\\Desktop\\master log 1\\backend\\node_modules\\express\\lib\\router\\layer.js:95:5)\n    at next (C:\\Users\\ujwal\\Desktop\\master log 1\\backend\\node_modules\\express\\lib\\router\\route.js:149:13)","timestamp":"2026-07-11 10:20:33","url":"/api/payments/create-order","userId":"6a51cb883e884b54c87540ac"}
[32minfo[39m: ::1 - - [11/Jul/2026:04:50:33 +0000] "POST /api/payments/create-order HTTP/1.1" 503 96 "-" "curl/8.19.0" {"service":"magnus-bos","timestamp":"2026-07-11 10:20:33"}
